<?xml version="1.0" encoding="UTF-8"?>
<!-- Generated by org.testng.reporters.JUnitReportReporter -->
<testsuite hostname="DESKTOP-9618V0O" failures="0" tests="1" name="hrms_testscripts.TC02" time="13.091" errors="0" timestamp="2023-03-30T01:34:53 IST" skipped="0">
  <testcase classname="hrms_testscripts.TC02" name="testmethod" time="13.091"/>
  <system-out>
    <![CDATA[Browser Launch--- log Message
login Done--- log Message
Logout complete--- log Message]]>
  </system-out>
</testsuite> <!-- hrms_testscripts.TC02 -->
